build/app/outputs/mapping/release/seeds.txt
com.example.easy_buy.MainActivity
com.example.easy_buy.MainActivity: MainActivity()
...
io.flutter.embedding.engine.FlutterJNI: void attachToNative(boolean)
com.google.android.gms.internal.firebase-auth-api.zzgy
com.google.android.gms.measurement.internal.AppMeasurementDynamiteService: void logHealthData(int,java.lang.String,com.google.android.gms.dynamic.IObjectWrapper,com.google.android.gms.dynamic.IObjectWrapper,com.google.android.gms.dynamic.IObjectWrapper)
com.facebook.appevents.FlushResult: com.facebook.appevents.FlushResult[] values()
androidx.appcompat.widget.AppCompatSpinner: int getDropDownHorizontalOffset()
com.facebook.appevents.codeless.internal.PathComponent$MatchBitmaskType: com.facebook.appevents.codeless.internal.PathComponent$MatchBitmaskType valueOf(java.lang.String)
io.flutter.plugin.editing.ImeSyncDeferringInsetsCallback$AnimationCallback
io.flutter.view.AccessibilityBridge$TextDirection: io.flutter.view.AccessibilityBridge$TextDirection valueOf(java.lang.String)
com.google.zxing.datamatrix.encoder.SymbolShapeHint: com.google.zxing.datamatrix.encoder.SymbolShapeHint[] values()
com.facebook.appevents.codeless.internal.EventBinding$ActionType: com.facebook.appevents.codeless.internal.EventBinding$ActionType[] values()
io.flutter.embedding.engine.FlutterOverlaySurface: int getId()
io.flutter.plugin.editing.TextInputPlugin$InputTarget$Type: io.flutter.plugin.editing.TextInputPlugin$InputTarget$Type valueOf(java.lang.String)
com.google.android.gms.internal.firebase-auth-api.zzel
com.google.firebase.installations.remote.InstallationResponse$ResponseCode: com.google.firebase.installations.remote.InstallationResponse$ResponseCode valueOf(java.lang.String)
com.google.android.gms.internal.firebase-auth-api.zzhr: int zzb
com.google.android.gms.internal.measurement.zzcf: boolean zzi
androidx.media.AudioAttributesCompat
com.google.android.gms.internal.firebase-auth-api.zzik: int zzf
com.facebook.login.LoginClient$Result$Code: com.facebook.login.LoginClient$Result$Code valueOf(java.lang.String)
io.flutter.embedding.engine.FlutterJNI: void addIsDisplayingFlutterUiListener(io.flutter.embedding.engine.renderer.FlutterUiDisplayListener)
androidx.appcompat.widget.ActionBarContextView: void setCustomView(android.view.View)
androidx.lifecycle.ReportFragment$LifecycleCallbacks: void onActivityPrePaused(android.app.Activity)
com.google.android.gms.internal.measurement.zzdj: com.google.android.gms.internal.measurement.zzhz zzh
com.google.android.gms.internal.measurement.zzdj: java.lang.String zzu
com.google.android.gms.internal.firebase-auth-api.zzhu
androidx.appcompat.widget.LinearLayoutCompat: void setOrientation(int)
com.google.android.gms.internal.firebase-auth-api.zzgk: com.google.android.gms.internal.firebase-auth-api.zzyy zze
io.flutter.embedding.engine.systemchannels.PlatformChannel$DeviceOrientation: io.flutter.embedding.engine.systemchannels.PlatformChannel$DeviceOrientation valueOf(java.lang.String)
io.flutter.embedding.engine.FlutterJNI: boolean isAttached()
io.flutter.embedding.engine.FlutterJNI: android.os.Looper mainLooper
com.google.android.gms.measurement.AppMeasurement$ConditionalUserProperty: long mTriggeredTimestamp
androidx.lifecycle.ReportFragment$LifecycleCallbacks: void onActivityResumed(android.app.Activity)
androidx.appcompat.widget.ActionBarContextView: int getContentHeight()
androidx.appcompat.widget.SearchView: int getPreferredHeight()
com.google.android.gms.internal.measurement.zzbu: com.google.android.gms.internal.measurement.zzhz zzf
com.google.android.gms.internal.firebase-auth-api.zzip: int zzb
androidx.appcompat.widget.ActionBarContainer: void setTransitioning(boolean)
io.flutter.view.AccessibilityViewEmbedder: void copyAccessibilityFields(android.view.accessibility.AccessibilityNodeInfo,android.view.accessibility.AccessibilityNodeInfo)
com.google.android.gms.common.internal.GetServiceRequest: android.os.Parcelable$Creator CREATOR
com.google.android.gms.auth.api.signin.internal.SignInHubActivity: SignInHubActivity()