build/app/outputs/mapping/release/mapping.txt
# compiler: R8
# compiler_version: 2.1.86
# min_api: 16
# pg_map_id: 69689c0
# common_typos_disable
...
com.google.android.gms.measurement.api.AppMeasurementSdk -> com.google.android.gms.measurement.a.a:
    com.google.android.gms.internal.measurement.zzbr zza -> a
    void zza(boolean) -> a
com.google.android.gms.measurement.internal.AppMeasurementDynamiteService -> com.google.android.gms.measurement.internal.AppMeasurementDynamiteService:
    java.util.Map zzb -> b
    com.google.android.gms.measurement.internal.zzfl zza -> a
    void zzb() -> i
    void zzc(com.google.android.gms.internal.measurement.zzs,java.lang.String) -> p
com.google.android.gms.measurement.internal.zza -> com.google.android.gms.measurement.internal.a:
    com.google.android.gms.measurement.internal.zzd zzc -> e
    long zzb -> d
    java.lang.String zza -> c
com.google.android.gms.measurement.internal.zzaa -> com.google.android.gms.measurement.internal.b:
    long zzh -> j
    long zzj -> l
    java.lang.String zzf -> h
    long zzd -> f
    com.google.android.gms.measurement.internal.zzas zzg -> i
    com.google.android.gms.measurement.internal.zzkg zzc -> e
    com.google.android.gms.measurement.internal.zzas zzi -> k
    boolean zze -> g
    com.google.android.gms.measurement.internal.zzas zzk -> m
    java.lang.String zza -> c
    java.lang.String zzb -> d
com.google.android.gms.measurement.internal.zzab -> com.google.android.gms.measurement.internal.c:
com.google.android.gms.measurement.internal.zzac -> com.google.android.gms.measurement.internal.d:
    com.google.android.gms.measurement.internal.zzad zza -> a
    java.lang.String zza(java.lang.String,java.lang.String) -> b
com.google.android.gms.measurement.internal.zzad -> com.google.android.gms.measurement.internal.e:
    java.lang.String zza(java.lang.String,java.lang.String) -> b
com.google.android.gms.measurement.internal.zzae -> com.google.android.gms.measurement.internal.f:
    com.google.android.gms.measurement.internal.zzad zzb -> c
    java.lang.Boolean zzc -> d
    java.lang.Boolean zza -> b
    boolean zzr() -> A
    boolean zzs() -> B
    boolean zzt() -> C
    java.lang.String zzu() -> D
    java.lang.String zzv() -> E
    boolean zzw(java.lang.String) -> F
    boolean zzx(java.lang.String) -> G
    boolean zzy() -> H
    long zzz() -> I
    long zzA() -> i
    java.lang.String zzB(java.lang.String,java.lang.String) -> j
    void zza(com.google.android.gms.measurement.internal.zzad) -> k
    java.lang.String zzb() -> l
    int zzc() -> m
    int zzd(java.lang.String) -> n
    int zze(java.lang.String) -> o
    long zzf() -> p
    boolean zzh() -> q
    java.lang.String zzi(java.lang.String,com.google.android.gms.measurement.internal.zzdv) -> r
    long zzj(java.lang.String,com.google.android.gms.measurement.internal.zzdv) -> s
    int zzk(java.lang.String,com.google.android.gms.measurement.internal.zzdv) -> t
    int zzl(java.lang.String,com.google.android.gms.measurement.internal.zzdv,int,int) -> u
    double zzm(java.lang.String,com.google.android.gms.measurement.internal.zzdv) -> v
    boolean zzn(java.lang.String,com.google.android.gms.measurement.internal.zzdv) -> w
    android.os.Bundle zzo() -> x
    java.lang.Boolean zzp(java.lang.String) -> y
    java.util.List zzq(java.lang.String) -> z