build/app/outputs/mapping/release/usage.txt
com.example.easy_buy.R$mipmap
com.example.easy_buy.R
com.example.easy_buy.BuildConfig
com.example.easy_buy.R$attr
com.example.easy_buy.R$layout
com.example.easy_buy.R$string
com.example.easy_buy.R$style
com.example.easy_buy.R$bool
com.example.easy_buy.R$drawable
com.example.easy_buy.R$id
com.example.easy_buy.R$anim
com.example.easy_buy.R$color
com.example.easy_buy.R$styleable
com.example.easy_buy.R$dimen
com.example.easy_buy.R$integer
...
androidx.appcompat.R$bool:
    private void <init>()
    public static final int abc_allow_stacked_button_bar
    public static final int abc_config_actionMenuItemAllCaps
com.facebook.share.internal.LikeActionController$GetPageIdRequestWrapper
com.google.common.util.concurrent.Striped$2
androidx.core.util.AtomicFile
androidx.appcompat.app.WindowDecorActionBar$TabImpl
com.google.android.gms.common.data.EntityBuffer
androidx.annotation.CallSuper
androidx.vectordrawable.R$integer
com.google.common.util.concurrent.AggregateFuture$RunningState$1
androidx.appcompat.app.AppCompatDelegateImpl$3
androidx.loader.R$layout
com.google.common.util.concurrent.AbstractTransformFuture
com.google.common.collect.MultitransformedIterator
androidx.customview.widget.ExploreByTouchHelper$MyNodeProvider
kotlin.text.CharsetsKt
com.google.zxing.Binarizer
com.google.common.base.Stopwatch$1
androidx.media.VolumeProviderCompat$1
androidx.core.view.MenuItemCompat:
    public static void setShowAsAction(android.view.MenuItem,int)
    public static android.view.MenuItem setActionView(android.view.MenuItem,android.view.View)
    public static android.view.MenuItem setActionView(android.view.MenuItem,int)
    public static android.view.View getActionView(android.view.MenuItem)
    public static androidx.core.view.ActionProvider getActionProvider(android.view.MenuItem)
    public static boolean expandActionView(android.view.MenuItem)
    public static boolean collapseActionView(android.view.MenuItem)
    public static boolean isActionViewExpanded(android.view.MenuItem)
    public static android.view.MenuItem setOnActionExpandListener(android.view.MenuItem,androidx.core.view.MenuItemCompat$OnActionExpandListener)
    public static java.lang.CharSequence getContentDescription(android.view.MenuItem)
    public static java.lang.CharSequence getTooltipText(android.view.MenuItem)
    public static void setShortcut(android.view.MenuItem,char,char,int,int)
    public static int getNumericModifiers(android.view.MenuItem)
    public static int getAlphabeticModifiers(android.view.MenuItem)
    public static android.content.res.ColorStateList getIconTintList(android.view.MenuItem)
    public static android.graphics.PorterDuff$Mode getIconTintMode(android.view.MenuItem)
    private void <init>()
    private static final java.lang.String TAG
    public static final int SHOW_AS_ACTION_NEVER
kotlin.ULong$Companion
com.google.common.util.concurrent.AggregateFutureState
kotlin.ranges.IntRange
android.support.v4.media.session.MediaSessionCompat$2
com.google.common.util.concurrent.Striped$PowerOfTwoStriped
androidx.core.view.GestureDetectorCompat$GestureDetectorCompatImplBase
com.google.firebase.platforminfo.LibraryVersionComponent:
    private void <init>()
kotlin.coroutines.experimental.RestrictsSuspension
com.google.zxing.maxicode.MaxiCodeReader